[0902/180425:ERROR:process_info.cc(330)] VirtualQueryEx: Access is denied. (0x5)
[0902/180425:ERROR:process_info.cc(547)] ReadMemoryInfo failed
[0902/180425:ERROR:process_info.cc(608)] range at 0x7fffe2b45200, size 0x40 fully unreadable
[0902/180425:ERROR:process_info.cc(608)] range at 0x7fffe2b11410, size 0x12 fully unreadable
[0902/180425:ERROR:process_info.cc(608)] range at 0x7fffe2b11410, size 0x12 fully unreadable
[0902/180425:ERROR:process_info.cc(608)] range at 0x7fffe2b11410, size 0x12 fully unreadable
[0902/180425:ERROR:process_info.cc(608)] range at 0xe114364a00000000, size 0x1bb fully unreadable
[0902/180425:ERROR:process_info.cc(608)] range at 0xe11436b200000000, size 0x1bb fully unreadable
[0902/180425:ERROR:process_info.cc(608)] range at 0x0, size 0x1bb fully unreadable
[0902/180425:ERROR:process_info.cc(608)] range at 0x7fffe2b421e0, size 0x28 fully unreadable
[0902/180425:ERROR:process_info.cc(608)] range at 0x7fffe2b42d48, size 0x30 fully unreadable
[0902/180425:ERROR:process_reader_win.cc(233)] ReadMemory at 0x7fffdeca2238 of 36 bytes failed: Only part of a ReadProcessMemory or WriteProcessMemory request was completed. (0x12B)
[0902/180425:WARNING:pe_image_reader.cc(155)] could not read debug directory from C:\WINDOWS\SYSTEM32\SSPICLI.DLL
[0902/180425:ERROR:process_reader_win.cc(233)] ReadMemory at 0x7fffa0cc0000 of 64 bytes failed: Only part of a ReadProcessMemory or WriteProcessMemory request was completed. (0x12B)
[0902/180425:WARNING:pe_image_reader.cc(281)] could not read dos header from C:\Program Files (x86)\Google\Chrome\Application\52.0.2743.116\chrome_child.dll
[0902/180425:ERROR:process_reader_win.cc(233)] ReadMemory at 0x7fffd75d0000 of 64 bytes failed: Only part of a ReadProcessMemory or WriteProcessMemory request was completed. (0x12B)
[0902/180425:WARNING:pe_image_reader.cc(281)] could not read dos header from C:\WINDOWS\SYSTEM32\dwrite.dll
[0902/180425:ERROR:process_reader_win.cc(233)] ReadMemory at 0x7fffe2b45340 of 6656 bytes failed: Only part of a ReadProcessMemory or WriteProcessMemory request was completed. (0x12B)
[0902/180425:ERROR:process_reader_win.cc(233)] ReadMemory at 0x7ff6df9a0000 of 64 bytes failed: Only part of a ReadProcessMemory or WriteProcessMemory request was completed. (0x12B)
[0902/180425:WARNING:pe_image_reader.cc(281)] could not read dos header from C:\Program Files (x86)\Google\Chrome\Application\chrome.exe
[0902/180425:ERROR:process_reader_win.cc(233)] ReadMemory at 0x7fffe2a00000 of 64 bytes failed: Only part of a ReadProcessMemory or WriteProcessMemory request was completed. (0x12B)
[0902/180425:WARNING:pe_image_reader.cc(281)] could not read dos header from C:\WINDOWS\SYSTEM32\ntdll.dll
[0902/180425:ERROR:process_reader_win.cc(233)] ReadMemory at 0x7fffdd7a0000 of 64 bytes failed: Only part of a ReadProcessMemory or WriteProcessMemory request was completed. (0x12B)
[0902/180425:WARNING:pe_image_reader.cc(281)] could not read dos header from C:\Program Files (x86)\AVG\Av\avghooka.dll
[0902/180425:ERROR:process_reader_win.cc(233)] ReadMemory at 0x7fffdf340000 of 64 bytes failed: Only part of a ReadProcessMemory or WriteProcessMemory request was completed. (0x12B)
[0902/180425:WARNING:pe_image_reader.cc(281)] could not read dos header from C:\WINDOWS\system32\KERNELBASE.dll
[0902/180425:ERROR:process_reader_win.cc(233)] ReadMemory at 0x7fffe19a0000 of 64 bytes failed: Only part of a ReadProcessMemory or WriteProcessMemory request was completed. (0x12B)
[0902/180425:WARNING:pe_image_reader.cc(281)] could not read dos header from C:\WINDOWS\system32\KERNEL32.DLL
[0902/180425:ERROR:process_reader_win.cc(233)] ReadMemory at 0x7fffe2890000 of 64 bytes failed: Only part of a ReadProcessMemory or WriteProcessMemory request was completed. (0x12B)
[0902/180425:WARNING:pe_image_reader.cc(281)] could not read dos header from C:\WINDOWS\system32\msvcrt.dll
[0902/180425:ERROR:process_reader_win.cc(233)] ReadMemory at 0x7fffe13a0000 of 64 bytes failed: Only part of a ReadProcessMemory or WriteProcessMemory request was completed. (0x12B)
[0902/180425:WARNING:pe_image_reader.cc(281)] could not read dos header from C:\WINDOWS\system32\RPCRT4.dll
[0902/180425:ERROR:process_reader_win.cc(233)] ReadMemory at 0x7fffdfde0000 of 64 bytes failed: Only part of a ReadProcessMemory or WriteProcessMemory request was completed. (0x12B)
[0902/180425:WARNING:pe_image_reader.cc(281)] could not read dos header from C:\WINDOWS\system32\sechost.dll
[0902/180425:ERROR:process_reader_win.cc(233)] ReadMemory at 0x7fffe18f0000 of 64 bytes failed: Only part of a ReadProcessMemory or WriteProcessMemory request was completed. (0x12B)
[0902/180425:WARNING:pe_image_reader.cc(281)] could not read dos header from C:\WINDOWS\system32\ADVAPI32.dll
[0902/180425:ERROR:process_reader_win.cc(233)] ReadMemory at 0x7fffdfba0000 of 64 bytes failed: Only part of a ReadProcessMemory or WriteProcessMemory request was completed. (0x12B)
[0902/180425:WARNING:pe_image_reader.cc(281)] could not read dos header from C:\WINDOWS\system32\bcryptPrimitives.dll
[0902/180425:ERROR:process_reader_win.cc(233)] ReadMemory at 0x7fffdeaa0000 of 64 bytes failed: Only part of a ReadProcessMemory or WriteProcessMemory request was completed. (0x12B)
[0902/180425:WARNING:pe_image_reader.cc(281)] could not read dos header from C:\WINDOWS\SYSTEM32\CRYPTBASE.DLL
[0902/180425:ERROR:process_reader_win.cc(233)] ReadMemory at 0x7fffda970000 of 64 bytes failed: Only part of a ReadProcessMemory or WriteProcessMemory request was completed. (0x12B)
[0902/180425:WARNING:pe_image_reader.cc(281)] could not read dos header from C:\Program Files (x86)\Google\Chrome\Application\52.0.2743.116\chrome_elf.dll
[0902/180425:ERROR:process_reader_win.cc(233)] ReadMemory at 0x7fffdc660000 of 64 bytes failed: Only part of a ReadProcessMemory or WriteProcessMemory request was completed. (0x12B)
[0902/180425:WARNING:pe_image_reader.cc(281)] could not read dos header from C:\WINDOWS\SYSTEM32\VERSION.dll
[0902/180425:ERROR:process_reader_win.cc(233)] ReadMemory at 0x7fffdf120000 of 64 bytes failed: Only part of a ReadProcessMemory or WriteProcessMemory request was completed. (0x12B)
[0902/180425:WARNING:pe_image_reader.cc(281)] could not read dos header from C:\WINDOWS\system32\cfgmgr32.dll
[0902/180425:ERROR:process_reader_win.cc(233)] ReadMemory at 0x7fffdd2e0000 of 64 bytes failed: Only part of a ReadProcessMemory or WriteProcessMemory request was completed. (0x12B)
[0902/180425:WARNING:pe_image_reader.cc(281)] could not read dos header from C:\WINDOWS\SYSTEM32\WINMMBASE.dll
[0902/180425:ERROR:process_reader_win.cc(233)] ReadMemory at 0x7fffe1ac0000 of 64 bytes failed: Only part of a ReadProcessMemory or WriteProcessMemory request was completed. (0x12B)
[0902/180425:WARNING:pe_image_reader.cc(281)] could not read dos header from C:\WINDOWS\system32\GDI32.dll
[0902/180425:ERROR:process_reader_win.cc(233)] ReadMemory at 0x7fffe2730000 of 64 bytes failed: Only part of a ReadProcessMemory or WriteProcessMemory request was completed. (0x12B)
[0902/180425:WARNING:pe_image_reader.cc(281)] could not read dos header from C:\WINDOWS\system32\USER32.dll
[0902/180425:ERROR:process_reader_win.cc(233)] ReadMemory at 0x7fffe2460000 of 64 bytes failed: Only part of a ReadProcessMemory or WriteProcessMemory request was completed. (0x12B)
[0902/180425:WARNING:pe_image_reader.cc(281)] could not read dos header from C:\WINDOWS\system32\IMM32.DLL
[0902/180425:ERROR:process_reader_win.cc(233)] ReadMemory at 0x7fffdd620000 of 64 bytes failed: Only part of a ReadProcessMemory or WriteProcessMemory request was completed. (0x12B)
[0902/180425:WARNING:pe_image_reader.cc(281)] could not read dos header from C:\WINDOWS\SYSTEM32\WINMM.dll
[0902/180425:ERROR:process_reader_win.cc(233)] ReadMemory at 0x7fffdf000000 of 64 bytes failed: Only part of a ReadProcessMemory or WriteProcessMemory request was completed. (0x12B)
[0902/180425:WARNING:pe_image_reader.cc(281)] could not read dos header from C:\WINDOWS\system32\profapi.dll
[0902/180425:ERROR:process_reader_win.cc(233)] ReadMemory at 0x7fffde760000 of 64 bytes failed: Only part of a ReadProcessMemory or WriteProcessMemory request was completed. (0x12B)
[0902/180425:WARNING:pe_image_reader.cc(281)] could not read dos header from C:\WINDOWS\SYSTEM32\USERENV.dll
[0902/180425:ERROR:process_reader_win.cc(233)] ReadMemory at 0x7fffdd050000 of 64 bytes failed: Only part of a ReadProcessMemory or WriteProcessMemory request was completed. (0x12B)
[0902/180425:WARNING:pe_image_reader.cc(281)] could not read dos header from C:\WINDOWS\SYSTEM32\WTSAPI32.dll
[0902/180425:ERROR:process_reader_win.cc(233)] ReadMemory at 0x7fffdc7e0000 of 64 bytes failed: Only part of a ReadProcessMemory or WriteProcessMemory request was completed. (0x12B)
[0902/180425:WARNING:pe_image_reader.cc(281)] could not read dos header from C:\WINDOWS\SYSTEM32\WINHTTP.dll
[0902/180425:ERROR:process_reader_win.cc(233)] ReadMemory at 0x7fffe24b0000 of 64 bytes failed: Only part of a ReadProcessMemory or WriteProcessMemory request was completed. (0x12B)
[0902/180425:WARNING:pe_image_reader.cc(281)] could not read dos header from C:\WINDOWS\system32\combase.dll
[0902/180425:ERROR:process_reader_win.cc(233)] ReadMemory at 0x7fffe20e0000 of 64 bytes failed: Only part of a ReadProcessMemory or WriteProcessMemory request was completed. (0x12B)
[0902/180425:WARNING:pe_image_reader.cc(281)] could not read dos header from C:\WINDOWS\system32\shlwapi.dll
[0902/180425:ERROR:process_reader_win.cc(233)] ReadMemory at 0x7fffdf030000 of 64 bytes failed: Only part of a ReadProcessMemory or WriteProcessMemory request was completed. (0x12B)
[0902/180425:WARNING:pe_image_reader.cc(281)] could not read dos header from C:\WINDOWS\system32\kernel.appcore.dll
[0902/180425:ERROR:process_reader_win.cc(233)] ReadMemory at 0x7fffdfc10000 of 64 bytes failed: Only part of a ReadProcessMemory or WriteProcessMemory request was completed. (0x12B)
[0902/180425:WARNING:pe_image_reader.cc(281)] could not read dos header from C:\WINDOWS\system32\shcore.dll
[0902/180425:ERROR:process_reader_win.cc(233)] ReadMemory at 0x7fffdf040000 of 64 bytes failed: Only part of a ReadProcessMemory or WriteProcessMemory request was completed. (0x12B)
[0902/180425:WARNING:pe_image_reader.cc(281)] could not read dos header from C:\WINDOWS\system32\powrprof.dll
[0902/180425:ERROR:process_reader_win.cc(233)] ReadMemory at 0x7fffdf530000 of 64 bytes failed: Only part of a ReadProcessMemory or WriteProcessMemory request was completed. (0x12B)
[0902/180425:WARNING:pe_image_reader.cc(281)] could not read dos header from C:\WINDOWS\system32\windows.storage.dll
[0902/180425:ERROR:process_reader_win.cc(233)] ReadMemory at 0x7fffdfe40000 of 64 bytes failed: Only part of a ReadProcessMemory or WriteProcessMemory request was completed. (0x12B)
[0902/180425:WARNING:pe_image_reader.cc(281)] could not read dos header from C:\WINDOWS\system32\SHELL32.dll
[0902/180425:ERROR:process_reader_win.cc(233)] ReadMemory at 0x7fffe24a0000 of 64 bytes failed: Only part of a ReadProcessMemory or WriteProcessMemory request was completed. (0x12B)
[0902/180425:WARNING:pe_image_reader.cc(281)] could not read dos header from C:\WINDOWS\system32\PSAPI.DLL
[0902/180425:ERROR:process_reader_win.cc(233)] ReadMemory at 0x7fffdef30000 of 64 bytes failed: Only part of a ReadProcessMemory or WriteProcessMemory request was completed. (0x12B)
[0902/180425:WARNING:pe_image_reader.cc(281)] could not read dos header from C:\WINDOWS\SYSTEM32\bcrypt.dll
[0902/180425:ERROR:process_reader_win.cc(233)] ReadMemory at 0x7fffd9cb0000 of 64 bytes failed: Only part of a ReadProcessMemory or WriteProcessMemory request was completed. (0x12B)
[0902/180425:WARNING:pe_image_reader.cc(281)] could not read dos header from C:\WINDOWS\SYSTEM32\WINSPOOL.DRV
[0902/180425:ERROR:process_reader_win.cc(233)] ReadMemory at 0x7fffda0a0000 of 64 bytes failed: Only part of a ReadProcessMemory or WriteProcessMemory request was completed. (0x12B)
[0902/180425:WARNING:pe_image_reader.cc(281)] could not read dos header from C:\WINDOWS\WinSxS\amd64_microsoft.windows.common-controls_6595b64144ccf1df_6.0.10586.494_none_a2d8b04ea53e3145\COMCTL32.dll
[0902/180425:ERROR:process_reader_win.cc(233)] ReadMemory at 0x7fffdf090000 of 64 bytes failed: Only part of a ReadProcessMemory or WriteProcessMemory request was completed. (0x12B)
[0902/180425:WARNING:pe_image_reader.cc(281)] could not read dos header from C:\WINDOWS\system32\FirewallAPI.dll
[0902/180425:ERROR:process_reader_win.cc(233)] ReadMemory at 0x7fffddd80000 of 64 bytes failed: Only part of a ReadProcessMemory or WriteProcessMemory request was completed. (0x12B)
[0902/180425:WARNING:pe_image_reader.cc(281)] could not read dos header from C:\WINDOWS\system32\fwbase.dll
[0902/180425:ERROR:process_reader_win.cc(233)] ReadMemory at 0x7fffdfb80000 of 64 bytes failed: Only part of a ReadProcessMemory or WriteProcessMemory request was completed. (0x12B)
[0902/180425:WARNING:pe_image_reader.cc(281)] could not read dos header from C:\WINDOWS\system32\NETAPI32.dll
[0902/180425:ERROR:process_reader_win.cc(233)] ReadMemory at 0x7fffdd800000 of 64 bytes failed: Only part of a ReadProcessMemory or WriteProcessMemory request was completed. (0x12B)
[0902/180425:WARNING:pe_image_reader.cc(281)] could not read dos header from C:\WINDOWS\SYSTEM32\DAVHLPR.DLL
[0902/180425:ERROR:process_reader_win.cc(233)] ReadMemory at 0x7fffe1da0000 of 64 bytes failed: Only part of a ReadProcessMemory or WriteProcessMemory request was completed. (0x12B)
[0902/180425:WARNING:pe_image_reader.cc(281)] could not read dos header from C:\WINDOWS\system32\COMDLG32.dll
[0902/180425:ERROR:process_reader_win.cc(233)] ReadMemory at 0x7fffe1c50000 of 64 bytes failed: Only part of a ReadProcessMemory or WriteProcessMemory request was completed. (0x12B)
[0902/180425:WARNING:pe_image_reader.cc(281)] could not read dos header from C:\WINDOWS\system32\ole32.dll
[0902/180425:ERROR:process_reader_win.cc(233)] ReadMemory at 0x7fffe2160000 of 64 bytes failed: Only part of a ReadProcessMemory or WriteProcessMemory request was completed. (0x12B)
[0902/180425:WARNING:pe_image_reader.cc(281)] could not read dos header from C:\WINDOWS\system32\OLEAUT32.dll
[0902/180425:ERROR:process_reader_win.cc(233)] ReadMemory at 0x7fffd8f40000 of 64 bytes failed: Only part of a ReadProcessMemory or WriteProcessMemory request was completed. (0x12B)
[0902/180425:WARNING:pe_image_reader.cc(281)] could not read dos header from C:\WINDOWS\SYSTEM32\IPHLPAPI.DLL
[0902/180425:ERROR:process_reader_win.cc(233)] ReadMemory at 0x7fffe2290000 of 64 bytes failed: Only part of a ReadProcessMemory or WriteProcessMemory request was completed. (0x12B)
[0902/180425:WARNING:pe_image_reader.cc(281)] could not read dos header from C:\WINDOWS\system32\WS2_32.dll
[0902/180425:ERROR:process_reader_win.cc(233)] ReadMemory at 0x7fffe2930000 of 64 bytes failed: Only part of a ReadProcessMemory or WriteProcessMemory request was completed. (0x12B)
[0902/180425:WARNING:pe_image_reader.cc(281)] could not read dos header from C:\WINDOWS\system32\USP10.dll
[0902/180425:ERROR:process_reader_win.cc(233)] ReadMemory at 0x7fffdf020000 of 64 bytes failed: Only part of a ReadProcessMemory or WriteProcessMemory request was completed. (0x12B)
[0902/180425:WARNING:pe_image_reader.cc(281)] could not read dos header from C:\WINDOWS\system32\MSASN1.dll
[0902/180425:ERROR:process_reader_win.cc(233)] ReadMemory at 0x7fffdf170000 of 64 bytes failed: Only part of a ReadProcessMemory or WriteProcessMemory request was completed. (0x12B)
[0902/180425:WARNING:pe_image_reader.cc(281)] could not read dos header from C:\WINDOWS\system32\CRYPT32.dll
[0902/180425:ERROR:process_reader_win.cc(233)] ReadMemory at 0x7fffdfd80000 of 64 bytes failed: Only part of a ReadProcessMemory or WriteProcessMemory request was completed. (0x12B)
[0902/180425:WARNING:pe_image_reader.cc(281)] could not read dos header from C:\WINDOWS\system32\WINTRUST.dll
[0902/180425:ERROR:process_reader_win.cc(233)] ReadMemory at 0x7fffd43e0000 of 64 bytes failed: Only part of a ReadProcessMemory or WriteProcessMemory request was completed. (0x12B)
[0902/180425:WARNING:pe_image_reader.cc(281)] could not read dos header from C:\WINDOWS\SYSTEM32\Secur32.dll
[0902/180425:ERROR:process_reader_win.cc(233)] ReadMemory at 0x7fffdec80000 of 64 bytes failed: Only part of a ReadProcessMemory or WriteProcessMemory request was completed. (0x12B)
[0902/180425:WARNING:pe_image_reader.cc(281)] could not read dos header from C:\WINDOWS\SYSTEM32\SSPICLI.DLL
[0902/180425:ERROR:process_reader_win.cc(233)] ReadMemory at 0x7fffa0cc0000 of 64 bytes failed: Only part of a ReadProcessMemory or WriteProcessMemory request was completed. (0x12B)
[0902/180425:WARNING:pe_image_reader.cc(281)] could not read dos header from C:\Program Files (x86)\Google\Chrome\Application\52.0.2743.116\chrome_child.dll
[0902/180425:ERROR:process_reader_win.cc(233)] ReadMemory at 0x7fffd75d0000 of 64 bytes failed: Only part of a ReadProcessMemory or WriteProcessMemory request was completed. (0x12B)
[0902/180425:WARNING:pe_image_reader.cc(281)] could not read dos header from C:\WINDOWS\SYSTEM32\dwrite.dll
[0902/180425:ERROR:process_reader_win.cc(99)] process 12128 not found
[0902/180425:ERROR:process_reader_win.cc(233)] ReadMemory at 0x7ff6df9a0000 of 64 bytes failed: Only part of a ReadProcessMemory or WriteProcessMemory request was completed. (0x12B)
[0902/180425:WARNING:pe_image_reader.cc(281)] could not read dos header from C:\Program Files (x86)\Google\Chrome\Application\chrome.exe
[0902/180425:ERROR:process_reader_win.cc(233)] ReadMemory at 0x7fffe2a00000 of 64 bytes failed: Only part of a ReadProcessMemory or WriteProcessMemory request was completed. (0x12B)
[0902/180425:WARNING:pe_image_reader.cc(281)] could not read dos header from C:\WINDOWS\SYSTEM32\ntdll.dll
[0902/180425:ERROR:process_reader_win.cc(233)] ReadMemory at 0x7fffdd7a0000 of 64 bytes failed: Only part of a ReadProcessMemory or WriteProcessMemory request was completed. (0x12B)
[0902/180425:WARNING:pe_image_reader.cc(281)] could not read dos header from C:\Program Files (x86)\AVG\Av\avghooka.dll
[0902/180425:ERROR:process_reader_win.cc(233)] ReadMemory at 0x7fffdf340000 of 64 bytes failed: Only part of a ReadProcessMemory or WriteProcessMemory request was completed. (0x12B)
[0902/180425:WARNING:pe_image_reader.cc(281)] could not read dos header from C:\WINDOWS\system32\KERNELBASE.dll
[0902/180425:ERROR:process_reader_win.cc(233)] ReadMemory at 0x7fffe19a0000 of 64 bytes failed: Only part of a ReadProcessMemory or WriteProcessMemory request was completed. (0x12B)
[0902/180425:WARNING:pe_image_reader.cc(281)] could not read dos header from C:\WINDOWS\system32\KERNEL32.DLL
[0902/180425:ERROR:process_reader_win.cc(233)] ReadMemory at 0x7fffe2890000 of 64 bytes failed: Only part of a ReadProcessMemory or WriteProcessMemory request was completed. (0x12B)
[0902/180425:WARNING:pe_image_reader.cc(281)] could not read dos header from C:\WINDOWS\system32\msvcrt.dll
[0902/180425:ERROR:process_reader_win.cc(233)] ReadMemory at 0x7fffe13a0000 of 64 bytes failed: Only part of a ReadProcessMemory or WriteProcessMemory request was completed. (0x12B)
[0902/180425:WARNING:pe_image_reader.cc(281)] could not read dos header from C:\WINDOWS\system32\RPCRT4.dll
[0902/180425:ERROR:process_reader_win.cc(233)] ReadMemory at 0x7fffdfde0000 of 64 bytes failed: Only part of a ReadProcessMemory or WriteProcessMemory request was completed. (0x12B)
[0902/180425:WARNING:pe_image_reader.cc(281)] could not read dos header from C:\WINDOWS\system32\sechost.dll
[0902/180425:ERROR:process_reader_win.cc(233)] ReadMemory at 0x7fffe18f0000 of 64 bytes failed: Only part of a ReadProcessMemory or WriteProcessMemory request was completed. (0x12B)
[0902/180425:WARNING:pe_image_reader.cc(281)] could not read dos header from C:\WINDOWS\system32\ADVAPI32.dll
[0902/180425:ERROR:process_reader_win.cc(233)] ReadMemory at 0x7fffdfba0000 of 64 bytes failed: Only part of a ReadProcessMemory or WriteProcessMemory request was completed. (0x12B)
[0902/180425:WARNING:pe_image_reader.cc(281)] could not read dos header from C:\WINDOWS\system32\bcryptPrimitives.dll
[0902/180425:ERROR:process_reader_win.cc(233)] ReadMemory at 0x7fffdeaa0000 of 64 bytes failed: Only part of a ReadProcessMemory or WriteProcessMemory request was completed. (0x12B)
[0902/180425:WARNING:pe_image_reader.cc(281)] could not read dos header from C:\WINDOWS\SYSTEM32\CRYPTBASE.DLL
[0902/180425:ERROR:process_reader_win.cc(233)] ReadMemory at 0x7fffda970000 of 64 bytes failed: Only part of a ReadProcessMemory or WriteProcessMemory request was completed. (0x12B)
[0902/180425:WARNING:pe_image_reader.cc(281)] could not read dos header from C:\Program Files (x86)\Google\Chrome\Application\52.0.2743.116\chrome_elf.dll
[0902/180425:ERROR:process_reader_win.cc(233)] ReadMemory at 0x7fffdc660000 of 64 bytes failed: Only part of a ReadProcessMemory or WriteProcessMemory request was completed. (0x12B)
[0902/180425:WARNING:pe_image_reader.cc(281)] could not read dos header from C:\WINDOWS\SYSTEM32\VERSION.dll
[0902/180425:ERROR:process_reader_win.cc(233)] ReadMemory at 0x7fffdf120000 of 64 bytes failed: Only part of a ReadProcessMemory or WriteProcessMemory request was completed. (0x12B)
[0902/180425:WARNING:pe_image_reader.cc(281)] could not read dos header from C:\WINDOWS\system32\cfgmgr32.dll
[0902/180425:ERROR:process_reader_win.cc(233)] ReadMemory at 0x7fffdd2e0000 of 64 bytes failed: Only part of a ReadProcessMemory or WriteProcessMemory request was completed. (0x12B)
[0902/180425:WARNING:pe_image_reader.cc(281)] could not read dos header from C:\WINDOWS\SYSTEM32\WINMMBASE.dll
[0902/180425:ERROR:process_reader_win.cc(233)] ReadMemory at 0x7fffe1ac0000 of 64 bytes failed: Only part of a ReadProcessMemory or WriteProcessMemory request was completed. (0x12B)
[0902/180425:WARNING:pe_image_reader.cc(281)] could not read dos header from C:\WINDOWS\system32\GDI32.dll
[0902/180425:ERROR:process_reader_win.cc(233)] ReadMemory at 0x7fffe2730000 of 64 bytes failed: Only part of a ReadProcessMemory or WriteProcessMemory request was completed. (0x12B)
[0902/180425:WARNING:pe_image_reader.cc(281)] could not read dos header from C:\WINDOWS\system32\USER32.dll
[0902/180425:ERROR:process_reader_win.cc(233)] ReadMemory at 0x7fffe2460000 of 64 bytes failed: Only part of a ReadProcessMemory or WriteProcessMemory request was completed. (0x12B)
[0902/180425:WARNING:pe_image_reader.cc(281)] could not read dos header from C:\WINDOWS\system32\IMM32.DLL
[0902/180425:ERROR:process_reader_win.cc(233)] ReadMemory at 0x7fffdd620000 of 64 bytes failed: Only part of a ReadProcessMemory or WriteProcessMemory request was completed. (0x12B)
[0902/180425:WARNING:pe_image_reader.cc(281)] could not read dos header from C:\WINDOWS\SYSTEM32\WINMM.dll
[0902/180425:ERROR:process_reader_win.cc(233)] ReadMemory at 0x7fffdf000000 of 64 bytes failed: Only part of a ReadProcessMemory or WriteProcessMemory request was completed. (0x12B)
[0902/180425:WARNING:pe_image_reader.cc(281)] could not read dos header from C:\WINDOWS\system32\profapi.dll
[0902/180425:ERROR:process_reader_win.cc(233)] ReadMemory at 0x7fffde760000 of 64 bytes failed: Only part of a ReadProcessMemory or WriteProcessMemory request was completed. (0x12B)
[0902/180425:WARNING:pe_image_reader.cc(281)] could not read dos header from C:\WINDOWS\SYSTEM32\USERENV.dll
[0902/180425:ERROR:process_reader_win.cc(233)] ReadMemory at 0x7fffdd050000 of 64 bytes failed: Only part of a ReadProcessMemory or WriteProcessMemory request was completed. (0x12B)
[0902/180425:WARNING:pe_image_reader.cc(281)] could not read dos header from C:\WINDOWS\SYSTEM32\WTSAPI32.dll
[0902/180425:ERROR:process_reader_win.cc(233)] ReadMemory at 0x7fffdc7e0000 of 64 bytes failed: Only part of a ReadProcessMemory or WriteProcessMemory request was completed. (0x12B)
[0902/180425:WARNING:pe_image_reader.cc(281)] could not read dos header from C:\WINDOWS\SYSTEM32\WINHTTP.dll
[0902/180425:ERROR:process_reader_win.cc(233)] ReadMemory at 0x7fffe24b0000 of 64 bytes failed: Only part of a ReadProcessMemory or WriteProcessMemory request was completed. (0x12B)
[0902/180425:WARNING:pe_image_reader.cc(281)] could not read dos header from C:\WINDOWS\system32\combase.dll
[0902/180425:ERROR:process_reader_win.cc(233)] ReadMemory at 0x7fffe20e0000 of 64 bytes failed: Only part of a ReadProcessMemory or WriteProcessMemory request was completed. (0x12B)
[0902/180425:WARNING:pe_image_reader.cc(281)] could not read dos header from C:\WINDOWS\system32\shlwapi.dll
[0902/180425:ERROR:process_reader_win.cc(233)] ReadMemory at 0x7fffdf030000 of 64 bytes failed: Only part of a ReadProcessMemory or WriteProcessMemory request was completed. (0x12B)
[0902/180425:WARNING:pe_image_reader.cc(281)] could not read dos header from C:\WINDOWS\system32\kernel.appcore.dll
[0902/180425:ERROR:process_reader_win.cc(233)] ReadMemory at 0x7fffdfc10000 of 64 bytes failed: Only part of a ReadProcessMemory or WriteProcessMemory request was completed. (0x12B)
[0902/180425:WARNING:pe_image_reader.cc(281)] could not read dos header from C:\WINDOWS\system32\shcore.dll
[0902/180425:ERROR:process_reader_win.cc(233)] ReadMemory at 0x7fffdf040000 of 64 bytes failed: Only part of a ReadProcessMemory or WriteProcessMemory request was completed. (0x12B)
[0902/180425:WARNING:pe_image_reader.cc(281)] could not read dos header from C:\WINDOWS\system32\powrprof.dll
[0902/180425:ERROR:process_reader_win.cc(233)] ReadMemory at 0x7fffdf530000 of 64 bytes failed: Only part of a ReadProcessMemory or WriteProcessMemory request was completed. (0x12B)
[0902/180425:WARNING:pe_image_reader.cc(281)] could not read dos header from C:\WINDOWS\system32\windows.storage.dll
[0902/180425:ERROR:process_reader_win.cc(233)] ReadMemory at 0x7fffdfe40000 of 64 bytes failed: Only part of a ReadProcessMemory or WriteProcessMemory request was completed. (0x12B)
[0902/180425:WARNING:pe_image_reader.cc(281)] could not read dos header from C:\WINDOWS\system32\SHELL32.dll
[0902/180425:ERROR:process_reader_win.cc(233)] ReadMemory at 0x7fffe24a0000 of 64 bytes failed: Only part of a ReadProcessMemory or WriteProcessMemory request was completed. (0x12B)
[0902/180425:WARNING:pe_image_reader.cc(281)] could not read dos header from C:\WINDOWS\system32\PSAPI.DLL
[0902/180425:ERROR:process_reader_win.cc(233)] ReadMemory at 0x7fffdef30000 of 64 bytes failed: Only part of a ReadProcessMemory or WriteProcessMemory request was completed. (0x12B)
[0902/180425:WARNING:pe_image_reader.cc(281)] could not read dos header from C:\WINDOWS\SYSTEM32\bcrypt.dll
[0902/180425:ERROR:process_reader_win.cc(233)] ReadMemory at 0x7fffd9cb0000 of 64 bytes failed: Only part of a ReadProcessMemory or WriteProcessMemory request was completed. (0x12B)
[0902/180425:WARNING:pe_image_reader.cc(281)] could not read dos header from C:\WINDOWS\SYSTEM32\WINSPOOL.DRV
[0902/180425:ERROR:process_reader_win.cc(233)] ReadMemory at 0x7fffda0a0000 of 64 bytes failed: Only part of a ReadProcessMemory or WriteProcessMemory request was completed. (0x12B)
[0902/180425:WARNING:pe_image_reader.cc(281)] could not read dos header from C:\WINDOWS\WinSxS\amd64_microsoft.windows.common-controls_6595b64144ccf1df_6.0.10586.494_none_a2d8b04ea53e3145\COMCTL32.dll
[0902/180425:ERROR:process_reader_win.cc(233)] ReadMemory at 0x7fffdf090000 of 64 bytes failed: Only part of a ReadProcessMemory or WriteProcessMemory request was completed. (0x12B)
[0902/180425:WARNING:pe_image_reader.cc(281)] could not read dos header from C:\WINDOWS\system32\FirewallAPI.dll
[0902/180425:ERROR:process_reader_win.cc(233)] ReadMemory at 0x7fffddd80000 of 64 bytes failed: Only part of a ReadProcessMemory or WriteProcessMemory request was completed. (0x12B)
[0902/180425:WARNING:pe_image_reader.cc(281)] could not read dos header from C:\WINDOWS\system32\fwbase.dll
[0902/180425:ERROR:process_reader_win.cc(233)] ReadMemory at 0x7fffdfb80000 of 64 bytes failed: Only part of a ReadProcessMemory or WriteProcessMemory request was completed. (0x12B)
[0902/180425:WARNING:pe_image_reader.cc(281)] could not read dos header from C:\WINDOWS\system32\NETAPI32.dll
[0902/180425:ERROR:process_reader_win.cc(233)] ReadMemory at 0x7fffdd800000 of 64 bytes failed: Only part of a ReadProcessMemory or WriteProcessMemory request was completed. (0x12B)
[0902/180425:WARNING:pe_image_reader.cc(281)] could not read dos header from C:\WINDOWS\SYSTEM32\DAVHLPR.DLL
[0902/180425:ERROR:process_reader_win.cc(233)] ReadMemory at 0x7fffe1da0000 of 64 bytes failed: Only part of a ReadProcessMemory or WriteProcessMemory request was completed. (0x12B)
[0902/180425:WARNING:pe_image_reader.cc(281)] could not read dos header from C:\WINDOWS\system32\COMDLG32.dll
[0902/180425:ERROR:process_reader_win.cc(233)] ReadMemory at 0x7fffe1c50000 of 64 bytes failed: Only part of a ReadProcessMemory or WriteProcessMemory request was completed. (0x12B)
[0902/180425:WARNING:pe_image_reader.cc(281)] could not read dos header from C:\WINDOWS\system32\ole32.dll
[0902/180425:ERROR:process_reader_win.cc(233)] ReadMemory at 0x7fffe2160000 of 64 bytes failed: Only part of a ReadProcessMemory or WriteProcessMemory request was completed. (0x12B)
[0902/180425:WARNING:pe_image_reader.cc(281)] could not read dos header from C:\WINDOWS\system32\OLEAUT32.dll
[0902/180425:ERROR:process_reader_win.cc(233)] ReadMemory at 0x7fffd8f40000 of 64 bytes failed: Only part of a ReadProcessMemory or WriteProcessMemory request was completed. (0x12B)
[0902/180425:WARNING:pe_image_reader.cc(281)] could not read dos header from C:\WINDOWS\SYSTEM32\IPHLPAPI.DLL
[0902/180425:ERROR:process_reader_win.cc(233)] ReadMemory at 0x7fffe2290000 of 64 bytes failed: Only part of a ReadProcessMemory or WriteProcessMemory request was completed. (0x12B)
[0902/180425:WARNING:pe_image_reader.cc(281)] could not read dos header from C:\WINDOWS\system32\WS2_32.dll
[0902/180425:ERROR:process_reader_win.cc(233)] ReadMemory at 0x7fffe2930000 of 64 bytes failed: Only part of a ReadProcessMemory or WriteProcessMemory request was completed. (0x12B)
[0902/180425:WARNING:pe_image_reader.cc(281)] could not read dos header from C:\WINDOWS\system32\USP10.dll
[0902/180425:ERROR:process_reader_win.cc(233)] ReadMemory at 0x7fffdf020000 of 64 bytes failed: Only part of a ReadProcessMemory or WriteProcessMemory request was completed. (0x12B)
[0902/180425:WARNING:pe_image_reader.cc(281)] could not read dos header from C:\WINDOWS\system32\MSASN1.dll
[0902/180425:ERROR:process_reader_win.cc(233)] ReadMemory at 0x7fffdf170000 of 64 bytes failed: Only part of a ReadProcessMemory or WriteProcessMemory request was completed. (0x12B)
[0902/180425:WARNING:pe_image_reader.cc(281)] could not read dos header from C:\WINDOWS\system32\CRYPT32.dll
[0902/180425:ERROR:process_reader_win.cc(233)] ReadMemory at 0x7fffdfd80000 of 64 bytes failed: Only part of a ReadProcessMemory or WriteProcessMemory request was completed. (0x12B)
[0902/180425:WARNING:pe_image_reader.cc(281)] could not read dos header from C:\WINDOWS\system32\WINTRUST.dll
[0902/180425:ERROR:process_reader_win.cc(233)] ReadMemory at 0x7fffd43e0000 of 64 bytes failed: Only part of a ReadProcessMemory or WriteProcessMemory request was completed. (0x12B)
[0902/180425:WARNING:pe_image_reader.cc(281)] could not read dos header from C:\WINDOWS\SYSTEM32\Secur32.dll
[0902/180425:ERROR:process_reader_win.cc(233)] ReadMemory at 0x7fffdec80000 of 64 bytes failed: Only part of a ReadProcessMemory or WriteProcessMemory request was completed. (0x12B)
[0902/180425:WARNING:pe_image_reader.cc(281)] could not read dos header from C:\WINDOWS\SYSTEM32\SSPICLI.DLL
[0902/180425:ERROR:process_reader_win.cc(233)] ReadMemory at 0x7fffa0cc0000 of 64 bytes failed: Only part of a ReadProcessMemory or WriteProcessMemory request was completed. (0x12B)
[0902/180425:WARNING:pe_image_reader.cc(281)] could not read dos header from C:\Program Files (x86)\Google\Chrome\Application\52.0.2743.116\chrome_child.dll
[0902/180425:ERROR:process_reader_win.cc(233)] ReadMemory at 0x7fffd75d0000 of 64 bytes failed: Only part of a ReadProcessMemory or WriteProcessMemory request was completed. (0x12B)
[0902/180425:WARNING:pe_image_reader.cc(281)] could not read dos header from C:\WINDOWS\SYSTEM32\dwrite.dll
[0902/180425:ERROR:process_reader_win.cc(233)] ReadMemory at 0x7ff6dfa89170 of 12 bytes failed: Only part of a ReadProcessMemory or WriteProcessMemory request was completed. (0x12B)
[0902/180425:WARNING:process_snapshot_win.cc(104)] ReadMemory ExceptionInformation failed
[0902/180425:WARNING:crash_report_exception_handler.cc(60)] ProcessSnapshotWin::InitializeException failed
[0902/180425:ERROR:scoped_process_suspend.cc(38)] NtResumeProcess, ntstatus=-1073741558
